<?xml version="1.0" encoding="UTF-8"?>
<!-- Generated by org.testng.reporters.JUnitReportReporter -->
<testsuite hostname="DESKTOP-NCNFOER" failures="0" tests="1" name="com.tutorialninja.base.Login_TN" time="13.114" errors="0" timestamp="2025-06-21T12:58:10 EDT" skipped="0">
  <testcase classname="com.tutorialninja.base.Login_TN" name="validLoginTest" time="13.114"/>
</testsuite> <!-- com.tutorialninja.base.Login_TN -->
