<?xml version="1.0" encoding="UTF-8"?>
<!-- Generated by org.testng.reporters.JUnitReportReporter -->
<testsuite hostname="DESKTOP-NCNFOER" failures="0" tests="1" name="com.tutorialninja.base.SearchProduct_TN" time="11.316" errors="0" timestamp="2025-06-21T14:26:25 EDT" skipped="0">
  <testcase classname="com.tutorialninja.base.SearchProduct_TN" name="searchProductTest" time="11.316"/>
</testsuite> <!-- com.tutorialninja.base.SearchProduct_TN -->
