<?xml version="1.0" encoding="UTF-8"?>
<!-- Generated by org.testng.reporters.JUnitReportReporter -->
<testsuite hostname="DESKTOP-NCNFOER" failures="0" tests="1" name="com.tutorialninja.base.Register_TN" time="10.032" errors="0" timestamp="2025-06-21T12:53:37 EDT" skipped="0">
  <testcase classname="com.tutorialninja.base.Register_TN" name="registerNewUserTest" time="10.032"/>
</testsuite> <!-- com.tutorialninja.base.Register_TN -->
