<?xml version="1.0" encoding="UTF-8"?>
<!-- Generated by org.testng.reporters.JUnitReportReporter -->
<testsuite hostname="DESKTOP-NCNFOER" failures="0" tests="1" name="com.tutorialninja.base.AddProductCheckoutTest" time="28.035" errors="0" timestamp="2025-06-21T15:52:38 EDT" skipped="0">
  <testcase classname="com.tutorialninja.base.AddProductCheckoutTest" name="addProductAndCompleteCheckout" time="28.035"/>
</testsuite> <!-- com.tutorialninja.base.AddProductCheckoutTest -->
