<?xml version="1.0" encoding="UTF-8"?>
<!-- Generated by org.testng.reporters.JUnitReportReporter -->
<testsuite hostname="DESKTOP-NCNFOER" failures="0" tests="1" name="com.tutorialninja.SearchProduct_TN" time="6.317" errors="0" timestamp="2025-07-06T12:17:02 EDT" skipped="0">
  <testcase classname="com.tutorialninja.SearchProduct_TN" name="searchProductTest" time="6.317"/>
</testsuite> <!-- com.tutorialninja.SearchProduct_TN -->
