<?xml version="1.0" encoding="UTF-8"?>
<!-- Generated by org.testng.reporters.JUnitReportReporter -->
<testsuite hostname="DESKTOP-NCNFOER" failures="0" tests="1" name="com.tutorialninja.Register_TN" time="8.986" errors="0" timestamp="2025-07-06T12:17:02 EDT" skipped="0">
  <testcase classname="com.tutorialninja.Register_TN" name="registerNewUserTest" time="8.986"/>
</testsuite> <!-- com.tutorialninja.Register_TN -->
