<?xml version="1.0" encoding="UTF-8"?>
<!-- Generated by org.testng.reporters.JUnitReportReporter -->
<testsuite hostname="DESKTOP-NCNFOER" failures="0" tests="1" name="com.tutorialninja.Login_TN" time="12.399" errors="0" timestamp="2025-07-06T12:17:02 EDT" skipped="0">
  <testcase classname="com.tutorialninja.Login_TN" name="validLoginTest" time="12.399"/>
</testsuite> <!-- com.tutorialninja.Login_TN -->
